Mon Jun 20 2016 15:49:50 GMT-0400 (EDT)ctrl-c trigger
Mon Jun 20 2016 15:59:17 GMT-0400 (EDT) ctrl-c trigger
Tue Jun 21 2016 10:49:49 GMT-0400 (EDT) ctrl-c trigger
Tue Jun 21 2016 10:54:19 GMT-0400 (EDT) ctrl-c trigger
Tue Jun 21 2016 10:58:37 GMT-0400 (EDT) ctrl-c trigger
Tue Jun 21 2016 11:07:32 GMT-0400 (EDT) ctrl-c trigger
Tue Jun 21 2016 11:11:23 GMT-0400 (EDT) ctrl-c trigger
Tue Jun 21 2016 11:56:40 GMT-0400 (EDT) ctrl-c trigger
Tue Jun 21 2016 12:12:05 GMT-0400 (EDT) ctrl-c trigger
Tue Jun 21 2016 12:18:48 GMT-0400 (EDT) ctrl-c trigger
Tue Jun 21 2016 12:18:58 GMT-0400 (EDT) TypeError: Cannot read property 'commands' of null
Tue Jun 21 2016 16:32:37 GMT-0400 (EDT) ctrl-c trigger
Tue Jun 21 2016 16:32:47 GMT-0400 (EDT) ctrl-c trigger
Wed Jun 22 2016 13:49:34 GMT-0400 (EDT) ctrl-c trigger
Wed Jun 22 2016 13:50:26 GMT-0400 (EDT) ctrl-c trigger
Wed Jun 22 2016 13:51:13 GMT-0400 (EDT) ctrl-c trigger
Wed Jun 22 2016 13:53:54 GMT-0400 (EDT) ctrl-c trigger
Wed Jun 22 2016 13:54:12 GMT-0400 (EDT) ctrl-c trigger
Wed Jun 22 2016 13:59:51 GMT-0400 (EDT) ctrl-c trigger
Wed Jun 22 2016 14:02:54 GMT-0400 (EDT) ctrl-c trigger
Wed Jun 22 2016 14:03:17 GMT-0400 (EDT) ctrl-c trigger
Wed Jun 22 2016 14:03:48 GMT-0400 (EDT) ctrl-c trigger
Wed Jun 22 2016 14:04:37 GMT-0400 (EDT) ctrl-c trigger
Wed Jun 22 2016 14:04:51 GMT-0400 (EDT) ctrl-c trigger
Wed Jun 22 2016 14:30:30 GMT-0400 (EDT) ctrl-c trigger
Wed Jun 22 2016 14:31:08 GMT-0400 (EDT) ctrl-c trigger
Wed Jun 22 2016 14:33:31 GMT-0400 (EDT) ctrl-c trigger
Wed Jun 22 2016 14:33:52 GMT-0400 (EDT) ctrl-c trigger
Wed Jun 22 2016 14:34:40 GMT-0400 (EDT) TypeError: Cannot read property 'commands' of null
Wed Jun 22 2016 14:45:47 GMT-0400 (EDT) ctrl-c trigger
Wed Jun 22 2016 14:46:43 GMT-0400 (EDT) ctrl-c trigger
Wed Jun 22 2016 15:29:49 GMT-0400 (EDT) ctrl-c trigger
Wed Jun 22 2016 17:52:37 GMT-0400 (EDT) ctrl-c trigger
Wed Jun 22 2016 18:01:30 GMT-0400 (EDT) ctrl-c trigger
Wed Jun 22 2016 18:07:32 GMT-0400 (EDT) ctrl-c trigger
Wed Jun 22 2016 23:42:00 GMT-0400 (EDT) ctrl-c trigger
Thu Jun 23 2016 10:35:05 GMT-0400 (EDT) ctrl-c trigger
Thu Jun 23 2016 10:35:22 GMT-0400 (EDT) TypeError: Cannot read property 'commands' of null
Thu Jun 23 2016 10:40:34 GMT-0400 (EDT) ctrl-c trigger
Thu Jun 23 2016 10:43:18 GMT-0400 (EDT) ctrl-c trigger
Thu Jun 23 2016 10:47:25 GMT-0400 (EDT) TypeError: Cannot read property 'commands' of null
Thu Jun 23 2016 11:06:41 GMT-0400 (EDT) ctrl-c trigger
Thu Jun 23 2016 11:24:18 GMT-0400 (EDT) ctrl-c trigger
Thu Jun 23 2016 11:26:04 GMT-0400 (EDT) ctrl-c trigger
Thu Jun 23 2016 11:31:43 GMT-0400 (EDT) ctrl-c trigger
Thu Jun 23 2016 11:38:16 GMT-0400 (EDT) ctrl-c trigger
Thu Jun 23 2016 11:41:30 GMT-0400 (EDT) ctrl-c trigger
Thu Jun 23 2016 12:01:24 GMT-0400 (EDT) ctrl-c trigger
Thu Jun 23 2016 12:06:51 GMT-0400 (EDT) ctrl-c trigger
Thu Jun 23 2016 12:10:32 GMT-0400 (EDT) ctrl-c trigger
Thu Jun 23 2016 12:11:39 GMT-0400 (EDT) ctrl-c trigger
Thu Jun 23 2016 12:12:17 GMT-0400 (EDT) ctrl-c trigger
Thu Jun 23 2016 12:21:58 GMT-0400 (EDT) ctrl-c trigger
Thu Jun 23 2016 12:26:44 GMT-0400 (EDT) ctrl-c trigger
Thu Jun 23 2016 12:27:02 GMT-0400 (EDT) ctrl-c trigger
Thu Jun 23 2016 12:44:41 GMT-0400 (EDT) ctrl-c trigger
Thu Jun 23 2016 12:44:50 GMT-0400 (EDT) ctrl-c trigger
Thu Jun 23 2016 13:08:09 GMT-0400 (EDT) ctrl-c trigger
Thu Jun 23 2016 13:08:35 GMT-0400 (EDT) ctrl-c trigger
Thu Jun 23 2016 14:07:20 GMT-0400 (EDT) ctrl-c trigger
Thu Jun 23 2016 15:44:13 GMT-0400 (EDT) ctrl-c trigger
Thu Jun 23 2016 15:51:53 GMT-0400 (EDT) ctrl-c trigger
Thu Jun 23 2016 15:53:24 GMT-0400 (EDT) ctrl-c trigger
Thu Jun 23 2016 16:12:11 GMT-0400 (EDT) ctrl-c trigger
Thu Jun 23 2016 16:13:15 GMT-0400 (EDT) ctrl-c trigger
Thu Jun 23 2016 17:01:48 GMT-0400 (EDT) ctrl-c trigger
Thu Jun 23 2016 17:05:11 GMT-0400 (EDT) ctrl-c trigger
Thu Jun 23 2016 17:06:21 GMT-0400 (EDT) ctrl-c trigger
Thu Jun 23 2016 17:12:46 GMT-0400 (EDT) ctrl-c trigger
Thu Jun 23 2016 17:14:11 GMT-0400 (EDT) ctrl-c trigger
Thu Jun 23 2016 17:44:15 GMT-0400 (EDT) ctrl-c trigger
Thu Jun 23 2016 17:57:23 GMT-0400 (EDT) ctrl-c trigger
Thu Jun 23 2016 17:59:55 GMT-0400 (EDT) ctrl-c trigger
Fri Jun 24 2016 09:46:49 GMT-0400 (EDT) ctrl-c trigger
Fri Jun 24 2016 10:01:27 GMT-0400 (EDT) ctrl-c trigger
Fri Jun 24 2016 10:05:07 GMT-0400 (EDT) ctrl-c trigger
Fri Jun 24 2016 10:06:01 GMT-0400 (EDT) ctrl-c trigger
Fri Jun 24 2016 10:06:43 GMT-0400 (EDT) ctrl-c trigger
Fri Jun 24 2016 10:12:06 GMT-0400 (EDT) ctrl-c trigger
Fri Jun 24 2016 10:15:19 GMT-0400 (EDT) ctrl-c trigger
Fri Jun 24 2016 12:13:11 GMT-0400 (EDT) ctrl-c trigger
Fri Jun 24 2016 12:13:55 GMT-0400 (EDT) Error: Can't set headers after they are sent.
Fri Jun 24 2016 12:14:40 GMT-0400 (EDT) Error: Can't set headers after they are sent.
Fri Jun 24 2016 12:16:48 GMT-0400 (EDT) ctrl-c trigger
Fri Jun 24 2016 12:16:56 GMT-0400 (EDT) ReferenceError: res is not defined
Fri Jun 24 2016 13:04:24 GMT-0400 (EDT) ctrl-c trigger
Mon Jun 27 2016 09:49:08 GMT-0400 (EDT) ctrl-c trigger
Mon Jun 27 2016 09:50:10 GMT-0400 (EDT) TypeError: msg.subString is not a function
Mon Jun 27 2016 09:52:45 GMT-0400 (EDT) ctrl-c trigger
Mon Jun 27 2016 09:54:57 GMT-0400 (EDT) ctrl-c trigger
Mon Jun 27 2016 09:56:52 GMT-0400 (EDT) ctrl-c trigger
Mon Jun 27 2016 10:09:27 GMT-0400 (EDT) ctrl-c trigger
Mon Jun 27 2016 10:11:22 GMT-0400 (EDT) ctrl-c trigger
Mon Jun 27 2016 10:18:49 GMT-0400 (EDT) ctrl-c trigger
Mon Jun 27 2016 10:27:10 GMT-0400 (EDT) ctrl-c trigger
Mon Jun 27 2016 10:27:27 GMT-0400 (EDT) ctrl-c trigger
Mon Jun 27 2016 10:28:17 GMT-0400 (EDT) ctrl-c trigger
Mon Jun 27 2016 10:41:21 GMT-0400 (EDT) ctrl-c trigger
Mon Jun 27 2016 10:43:03 GMT-0400 (EDT) ctrl-c trigger
Mon Jun 27 2016 12:09:58 GMT-0400 (EDT) ctrl-c trigger
Mon Jun 27 2016 12:23:27 GMT-0400 (EDT) ctrl-c trigger
Mon Jun 27 2016 15:27:16 GMT-0400 (EDT) ctrl-c trigger
Mon Jun 27 2016 15:45:11 GMT-0400 (EDT) ctrl-c trigger
Mon Jun 27 2016 15:50:07 GMT-0400 (EDT) ctrl-c trigger
Mon Jun 27 2016 15:51:41 GMT-0400 (EDT) ctrl-c trigger
Mon Jun 27 2016 15:53:07 GMT-0400 (EDT) ctrl-c trigger
Mon Jun 27 2016 15:54:04 GMT-0400 (EDT) ctrl-c trigger
Mon Jun 27 2016 15:56:07 GMT-0400 (EDT) ctrl-c trigger
Mon Jun 27 2016 15:58:45 GMT-0400 (EDT) ctrl-c trigger
Mon Jun 27 2016 16:00:40 GMT-0400 (EDT) ctrl-c trigger
Mon Jun 27 2016 16:01:19 GMT-0400 (EDT) ctrl-c trigger
Mon Jun 27 2016 16:08:25 GMT-0400 (EDT) ctrl-c trigger
Mon Jun 27 2016 16:20:11 GMT-0400 (EDT) ctrl-c trigger
Mon Jun 27 2016 16:37:27 GMT-0400 (EDT) ctrl-c trigger
Mon Jun 27 2016 16:51:10 GMT-0400 (EDT) ctrl-c trigger
Mon Jun 27 2016 16:54:30 GMT-0400 (EDT) ctrl-c trigger
Mon Jun 27 2016 16:55:10 GMT-0400 (EDT) ctrl-c trigger
Mon Jun 27 2016 16:55:54 GMT-0400 (EDT) ctrl-c trigger
Mon Jun 27 2016 16:56:24 GMT-0400 (EDT) ctrl-c trigger
Mon Jun 27 2016 16:56:55 GMT-0400 (EDT) ctrl-c trigger
Mon Jun 27 2016 17:33:00 GMT-0400 (EDT) ctrl-c trigger
Mon Jun 27 2016 17:34:04 GMT-0400 (EDT) ctrl-c trigger
Mon Jun 27 2016 17:47:42 GMT-0400 (EDT) ctrl-c trigger
Tue Jun 28 2016 10:21:46 GMT-0400 (EDT) ctrl-c trigger
Tue Jun 28 2016 10:27:04 GMT-0400 (EDT) ctrl-c trigger
Tue Jun 28 2016 10:58:40 GMT-0400 (EDT) ctrl-c trigger
Tue Jun 28 2016 11:34:10 GMT-0400 (EDT) ctrl-c trigger
Tue Jun 28 2016 11:42:21 GMT-0400 (EDT) ctrl-c trigger
Tue Jun 28 2016 15:14:36 GMT-0400 (EDT) ctrl-c trigger
Tue Jun 28 2016 15:18:10 GMT-0400 (EDT) ctrl-c trigger
Tue Jun 28 2016 16:05:42 GMT-0400 (EDT) ctrl-c trigger
Tue Jun 28 2016 16:14:40 GMT-0400 (EDT) ctrl-c trigger
Tue Jun 28 2016 16:18:01 GMT-0400 (EDT) ctrl-c trigger
Tue Jun 28 2016 16:34:38 GMT-0400 (EDT) ctrl-c trigger
Tue Jun 28 2016 16:46:05 GMT-0400 (EDT) ctrl-c trigger
Tue Jun 28 2016 16:53:35 GMT-0400 (EDT) ctrl-c trigger
Tue Jun 28 2016 17:35:04 GMT-0400 (EDT) ctrl-c trigger
Tue Jun 28 2016 17:49:56 GMT-0400 (EDT) ctrl-c trigger
Wed Jun 29 2016 10:14:02 GMT-0400 (EDT) ctrl-c trigger
Wed Jun 29 2016 10:24:22 GMT-0400 (EDT) ctrl-c trigger
Wed Jun 29 2016 11:08:17 GMT-0400 (EDT) ctrl-c trigger
Wed Jun 29 2016 11:08:46 GMT-0400 (EDT) ctrl-c trigger
Wed Jun 29 2016 12:13:25 GMT-0400 (EDT) ctrl-c trigger
Wed Jun 29 2016 12:48:50 GMT-0400 (EDT) ctrl-c trigger
Wed Jun 29 2016 12:52:25 GMT-0400 (EDT) ctrl-c trigger
Wed Jun 29 2016 15:07:49 GMT-0400 (EDT) ctrl-c trigger
Wed Jun 29 2016 15:18:58 GMT-0400 (EDT) ctrl-c trigger
Wed Jun 29 2016 15:34:10 GMT-0400 (EDT) ctrl-c trigger
Wed Jun 29 2016 15:41:28 GMT-0400 (EDT) ctrl-c trigger
Wed Jun 29 2016 15:41:38 GMT-0400 (EDT) ctrl-c trigger
Wed Jun 29 2016 15:43:59 GMT-0400 (EDT) ctrl-c trigger
Wed Jun 29 2016 16:02:28 GMT-0400 (EDT) ctrl-c trigger
Wed Jun 29 2016 16:04:08 GMT-0400 (EDT) ctrl-c trigger
Wed Jun 29 2016 17:43:58 GMT-0400 (EDT) ctrl-c trigger
Wed Jun 29 2016 17:51:28 GMT-0400 (EDT) ctrl-c trigger
Wed Jun 29 2016 17:58:28 GMT-0400 (EDT) ctrl-c trigger
Wed Jun 29 2016 17:59:09 GMT-0400 (EDT) ctrl-c trigger
Wed Jun 29 2016 18:00:58 GMT-0400 (EDT) ctrl-c trigger
Wed Jun 29 2016 18:02:19 GMT-0400 (EDT) ctrl-c trigger
Thu Jun 30 2016 10:34:59 GMT-0400 (EDT) ctrl-c trigger
Thu Jun 30 2016 10:46:33 GMT-0400 (EDT) ctrl-c trigger
Thu Jun 30 2016 10:48:00 GMT-0400 (EDT) ctrl-c trigger
Thu Jun 30 2016 10:51:35 GMT-0400 (EDT) ctrl-c trigger
Thu Jun 30 2016 10:54:42 GMT-0400 (EDT) ctrl-c trigger
Thu Jun 30 2016 15:13:36 GMT-0400 (EDT) ctrl-c trigger
Thu Jun 30 2016 15:20:02 GMT-0400 (EDT) ctrl-c trigger
Thu Jun 30 2016 15:29:11 GMT-0400 (EDT) ctrl-c trigger
Thu Jun 30 2016 15:30:31 GMT-0400 (EDT) ctrl-c trigger
Thu Jun 30 2016 15:32:23 GMT-0400 (EDT) ctrl-c trigger
Thu Jun 30 2016 15:44:03 GMT-0400 (EDT) ctrl-c trigger
Thu Jun 30 2016 17:22:08 GMT-0400 (EDT) ctrl-c trigger
Thu Jun 30 2016 17:26:25 GMT-0400 (EDT) ctrl-c trigger
Thu Jun 30 2016 17:28:02 GMT-0400 (EDT) ctrl-c trigger
Thu Jun 30 2016 17:29:19 GMT-0400 (EDT) ctrl-c trigger
Thu Jun 30 2016 17:29:34 GMT-0400 (EDT) TypeError: msg.indexOf is not a function
Thu Jun 30 2016 17:31:53 GMT-0400 (EDT) ctrl-c trigger
Thu Jun 30 2016 17:37:47 GMT-0400 (EDT) ctrl-c trigger
Fri Jul 01 2016 10:37:50 GMT-0400 (EDT) ctrl-c trigger
Fri Jul 01 2016 11:11:43 GMT-0400 (EDT) ctrl-c trigger
Fri Jul 01 2016 11:19:31 GMT-0400 (EDT) ctrl-c trigger
Fri Jul 01 2016 11:21:28 GMT-0400 (EDT) ctrl-c trigger
Fri Jul 01 2016 12:08:57 GMT-0400 (EDT) ctrl-c trigger
Fri Jul 01 2016 12:49:45 GMT-0400 (EDT) ctrl-c trigger
Fri Jul 01 2016 12:52:26 GMT-0400 (EDT) ctrl-c trigger
Fri Jul 01 2016 12:52:52 GMT-0400 (EDT) ctrl-c trigger
Fri Jul 01 2016 14:08:40 GMT-0400 (EDT) ctrl-c trigger
Fri Jul 01 2016 14:18:10 GMT-0400 (EDT) ctrl-c trigger
Fri Jul 01 2016 14:20:20 GMT-0400 (EDT) ctrl-c trigger
Sat Jul 02 2016 04:39:36 GMT-0400 (EDT) Error: not opened
Mon Jul 04 2016 13:04:41 GMT-0400 (EDT) ctrl-c trigger
Tue Jul 05 2016 11:49:53 GMT-0400 (EDT) ReferenceError: logger is not defined
Tue Jul 05 2016 11:53:04 GMT-0400 (EDT) ctrl-c trigger
Tue Jul 05 2016 12:00:19 GMT-0400 (EDT) ctrl-c trigger
Tue Jul 05 2016 12:27:30 GMT-0400 (EDT) ctrl-c trigger
Thu Jul 07 2016 14:05:24 GMT-0400 (EDT) ctrl-c trigger
Thu Jul 07 2016 14:10:22 GMT-0400 (EDT) ctrl-c trigger
Thu Jul 07 2016 14:18:14 GMT-0400 (EDT) ctrl-c trigger
Thu Jul 07 2016 14:20:02 GMT-0400 (EDT) ctrl-c trigger
Thu Jul 07 2016 14:23:28 GMT-0400 (EDT) ctrl-c trigger
Thu Jul 07 2016 14:23:34 GMT-0400 (EDT) Error: ENOENT: no such file or directory, open 'logs/co-engagement.log'
Thu Jul 07 2016 14:23:44 GMT-0400 (EDT) Error: ENOENT: no such file or directory, open 'logs/co-engagement.log'
Thu Jul 07 2016 14:24:11 GMT-0400 (EDT) Error: ENOENT: no such file or directory, open 'logs/co-engagement.log'
Thu Jul 07 2016 14:24:27 GMT-0400 (EDT) Error: ENOENT: no such file or directory, open 'logs/co-engagement.log'
Thu Jul 07 2016 14:26:12 GMT-0400 (EDT) Error: ENOENT: no such file or directory, open 'logs/co-engagement.log'
Thu Jul 07 2016 14:32:27 GMT-0400 (EDT) ctrl-c trigger
Thu Jul 07 2016 14:33:39 GMT-0400 (EDT) ctrl-c trigger
Thu Jul 07 2016 14:34:03 GMT-0400 (EDT) ctrl-c trigger
Thu Jul 07 2016 14:34:08 GMT-0400 (EDT) Error: ENOENT: no such file or directory, open 'logs/co-engagement.log'
Thu Jul 07 2016 14:34:08 GMT-0400 (EDT) TypeError: Cannot assign to read only property 'type' of control frames cannot have the Per-message Compressed bits
Thu Jul 07 2016 14:35:12 GMT-0400 (EDT) Error: ENOENT: no such file or directory, open 'logs/co-engagement.log'
Thu Jul 07 2016 14:35:12 GMT-0400 (EDT) TypeError: Cannot assign to read only property 'type' of control frames cannot have the Per-message Compressed bits
Thu Jul 07 2016 14:35:57 GMT-0400 (EDT) Error: ENOENT: no such file or directory, open 'logs/co-engagement.log'
Thu Jul 07 2016 14:35:57 GMT-0400 (EDT) TypeError: Cannot assign to read only property 'type' of control frames cannot have the Per-message Compressed bits
Thu Jul 07 2016 14:39:59 GMT-0400 (EDT) Error: ENOENT: no such file or directory, open 'logs/co-engagement.log'
Thu Jul 07 2016 14:41:13 GMT-0400 (EDT) Error: ENOENT: no such file or directory, open 'logs/co-engagement.log'
Thu Jul 07 2016 14:41:13 GMT-0400 (EDT) AssertionError: expected 'echo back from server' to equal 'Hello World'
Thu Jul 07 2016 14:41:48 GMT-0400 (EDT) Error: ENOENT: no such file or directory, open 'logs/co-engagement.log'
Thu Jul 07 2016 14:42:18 GMT-0400 (EDT) Error: ENOENT: no such file or directory, open 'logs/co-engagement.log'
Thu Jul 07 2016 14:43:06 GMT-0400 (EDT) Error: ENOENT: no such file or directory, open 'logs/co-engagement.log'
Thu Jul 07 2016 14:47:23 GMT-0400 (EDT) ctrl-c trigger
Thu Jul 07 2016 14:56:55 GMT-0400 (EDT) ctrl-c trigger
Thu Jul 07 2016 14:57:47 GMT-0400 (EDT) ctrl-c trigger
Thu Jul 07 2016 15:02:28 GMT-0400 (EDT) ctrl-c trigger
Thu Jul 07 2016 15:04:36 GMT-0400 (EDT) ctrl-c trigger
Thu Jul 07 2016 15:05:49 GMT-0400 (EDT) ctrl-c trigger
Thu Jul 07 2016 16:53:43 GMT-0400 (EDT) ctrl-c trigger
Thu Jul 07 2016 16:53:46 GMT-0400 (EDT) ReferenceError: ioServer is not defined
Thu Jul 07 2016 16:54:01 GMT-0400 (EDT) ctrl-c trigger
Thu Jul 07 2016 16:54:04 GMT-0400 (EDT) ReferenceError: ioServer is not defined
Thu Jul 07 2016 16:55:10 GMT-0400 (EDT) ctrl-c trigger
Thu Jul 07 2016 16:55:14 GMT-0400 (EDT) ReferenceError: ioServer is not defined
Thu Jul 07 2016 16:56:52 GMT-0400 (EDT) ctrl-c trigger
Thu Jul 07 2016 16:56:55 GMT-0400 (EDT) ReferenceError: ioServer is not defined
Thu Jul 07 2016 16:57:20 GMT-0400 (EDT) ctrl-c trigger
Thu Jul 07 2016 16:58:27 GMT-0400 (EDT) ctrl-c trigger
Thu Jul 07 2016 17:02:16 GMT-0400 (EDT) ctrl-c trigger
Thu Jul 07 2016 17:03:47 GMT-0400 (EDT) ctrl-c trigger
Thu Jul 07 2016 17:07:29 GMT-0400 (EDT) ctrl-c trigger
Thu Jul 07 2016 17:40:17 GMT-0400 (EDT) ctrl-c trigger
Thu Jul 07 2016 17:41:58 GMT-0400 (EDT) ctrl-c trigger
Thu Jul 07 2016 17:42:46 GMT-0400 (EDT) ctrl-c trigger
Thu Jul 07 2016 23:16:13 GMT-0400 (EDT) ctrl-c trigger
